<?xml version="1.0" encoding="UTF-8"?>
<!-- Generated by org.testng.reporters.JUnitXMLReporter -->
<testsuite ignored="3" hostname="DESKTOP-TQF3AML" failures="0" tests="6" name="Test" time="0.071" errors="0" timestamp="2021-12-14T12:12:05 PST">
  <testcase classname="TestNG_Groups.Home_Loan" name="APILoginHomeLoan" time="0.011"/>
  <testcase classname="TestNG_Groups.Home_Loan" name="WebLoginHomeLoan" time="0.001"/>
  <testcase classname="TestNG_Groups.Car_Loan" name="MobileLoginCarLoan" time="0.001"/>
  <testcase classname="TestNG_Groups.Car_Loan" name="WebLoginCarLoan" time="0.001"/>
  <testcase classname="TestNG_Groups.Personal_Loan" name="APILoginPersonalLoan" time="0.0"/>
  <testcase classname="TestNG_Groups.Personal_Loan" name="MobileLoginPersonalLoan" time="0.001"/>
  <testcase classname="TestNG_Groups.Home_Loan" name="MobileLoginHomeLoan" time="0.0">
    <ignored/>
  </testcase> <!-- MobileLoginHomeLoan -->
  <testcase classname="TestNG_Groups.Car_Loan" name="APILoginCarLoan" time="0.0">
    <ignored/>
  </testcase> <!-- APILoginCarLoan -->
  <testcase classname="TestNG_Groups.Personal_Loan" name="WebLoginPersonalLoan" time="0.0">
    <ignored/>
  </testcase> <!-- WebLoginPersonalLoan -->
</testsuite> <!-- Test -->
