<?xml version="1.0" encoding="UTF-8"?>
<!-- Generated by org.testng.reporters.JUnitXMLReporter -->
<testsuite ignored="6" hostname="DESKTOP-TQF3AML" failures="0" tests="3" name="Test" time="0.058" errors="0" timestamp="2021-12-17T15:07:19 PST">
  <testcase classname="TestNG_Groups.Home_Loan" name="MobileLoginHomeLoan" time="0.009"/>
  <testcase classname="TestNG_Groups.Car_Loan" name="APILoginCarLoan" time="0.002"/>
  <testcase classname="TestNG_Groups.Personal_Loan" name="WebLoginPersonalLoan" time="0.001"/>
  <testcase classname="TestNG_Groups.Home_Loan" name="APILoginHomeLoan" time="0.0">
    <ignored/>
  </testcase> <!-- APILoginHomeLoan -->
  <testcase classname="TestNG_Groups.Car_Loan" name="WebLoginCarLoan" time="0.0">
    <ignored/>
  </testcase> <!-- WebLoginCarLoan -->
  <testcase classname="TestNG_Groups.Home_Loan" name="WebLoginHomeLoan" time="0.0">
    <ignored/>
  </testcase> <!-- WebLoginHomeLoan -->
  <testcase classname="TestNG_Groups.Car_Loan" name="MobileLoginCarLoan" time="0.0">
    <ignored/>
  </testcase> <!-- MobileLoginCarLoan -->
  <testcase classname="TestNG_Groups.Personal_Loan" name="APILoginPersonalLoan" time="0.0">
    <ignored/>
  </testcase> <!-- APILoginPersonalLoan -->
  <testcase classname="TestNG_Groups.Personal_Loan" name="MobileLoginPersonalLoan" time="0.0">
    <ignored/>
  </testcase> <!-- MobileLoginPersonalLoan -->
</testsuite> <!-- Test -->
