<?xml version="1.0" encoding="UTF-8"?>
<testng-results ignored="0" total="1" passed="1" failed="0" skipped="0">
  <reporter-output>
  </reporter-output>
  <suite started-at="2021-12-15T14:13:22 PST" name="Default suite" finished-at="2021-12-15T14:13:36 PST" duration-ms="13458">
    <groups>
    </groups>
    <test started-at="2021-12-15T14:13:22 PST" name="Default test" finished-at="2021-12-15T14:13:36 PST" duration-ms="13458">
      <class name="TestNG_Groups.MyTestNGClass">
        <test-method is-config="true" signature="beforeMethod()[pri:0, instance:TestNG_Groups.MyTestNGClass@6a6afff2]" started-at="2021-12-15T14:13:22 PST" name="beforeMethod" finished-at="2021-12-15T14:13:22 PST" duration-ms="5" status="PASS">
          <reporter-output>
          </reporter-output>
        </test-method> <!-- beforeMethod -->
        <test-method signature="f()[pri:0, instance:TestNG_Groups.MyTestNGClass@6a6afff2]" started-at="2021-12-15T14:13:22 PST" name="f" finished-at="2021-12-15T14:13:26 PST" duration-ms="4214" status="PASS">
          <reporter-output>
          </reporter-output>
        </test-method> <!-- f -->
        <test-method is-config="true" signature="afterMethod()[pri:0, instance:TestNG_Groups.MyTestNGClass@6a6afff2]" started-at="2021-12-15T14:13:26 PST" name="afterMethod" finished-at="2021-12-15T14:13:36 PST" duration-ms="9195" status="PASS">
          <reporter-output>
          </reporter-output>
        </test-method> <!-- afterMethod -->
      </class> <!-- TestNG_Groups.MyTestNGClass -->
    </test> <!-- Default test -->
  </suite> <!-- Default suite -->
</testng-results>
