<?xml version="1.0" encoding="UTF-8"?>
<testng-results ignored="6" total="9" passed="3" failed="0" skipped="0">
  <reporter-output>
  </reporter-output>
  <suite started-at="2021-12-17T15:07:19 PST" name="Suite" finished-at="2021-12-17T15:07:19 PST" duration-ms="58">
    <groups>
      <group name="SmokeTest">
        <method signature="Car_Loan.APILoginCarLoan()[pri:0, instance:TestNG_Groups.Car_Loan@55536d9e]" name="APILoginCarLoan" class="TestNG_Groups.Car_Loan"/>
        <method signature="Home_Loan.MobileLoginHomeLoan()[pri:0, instance:TestNG_Groups.Home_Loan@482bce4f]" name="MobileLoginHomeLoan" class="TestNG_Groups.Home_Loan"/>
        <method signature="Personal_Loan.WebLoginPersonalLoan()[pri:0, instance:TestNG_Groups.Personal_Loan@62230c58]" name="WebLoginPersonalLoan" class="TestNG_Groups.Personal_Loan"/>
      </group> <!-- SmokeTest -->
    </groups>
    <test started-at="2021-12-17T15:07:19 PST" name="Test" finished-at="2021-12-17T15:07:19 PST" duration-ms="58">
      <class name="TestNG_Groups.Home_Loan">
        <test-method signature="MobileLoginHomeLoan()[pri:0, instance:TestNG_Groups.Home_Loan@482bce4f]" started-at="2021-12-17T15:07:19 PST" name="MobileLoginHomeLoan" finished-at="2021-12-17T15:07:19 PST" duration-ms="9" status="PASS">
          <reporter-output>
          </reporter-output>
        </test-method> <!-- MobileLoginHomeLoan -->
      </class> <!-- TestNG_Groups.Home_Loan -->
      <class name="TestNG_Groups.Personal_Loan">
        <test-method signature="WebLoginPersonalLoan()[pri:0, instance:TestNG_Groups.Personal_Loan@62230c58]" started-at="2021-12-17T15:07:19 PST" name="WebLoginPersonalLoan" finished-at="2021-12-17T15:07:19 PST" duration-ms="1" status="PASS">
          <reporter-output>
          </reporter-output>
        </test-method> <!-- WebLoginPersonalLoan -->
      </class> <!-- TestNG_Groups.Personal_Loan -->
      <class name="TestNG_Groups.Car_Loan">
        <test-method signature="APILoginCarLoan()[pri:0, instance:TestNG_Groups.Car_Loan@55536d9e]" started-at="2021-12-17T15:07:19 PST" name="APILoginCarLoan" finished-at="2021-12-17T15:07:19 PST" duration-ms="2" status="PASS">
          <reporter-output>
          </reporter-output>
        </test-method> <!-- APILoginCarLoan -->
      </class> <!-- TestNG_Groups.Car_Loan -->
    </test> <!-- Test -->
  </suite> <!-- Suite -->
</testng-results>
